QRCode-Maker-ScannerApp/app/build/outputs/logs/manifest-merger-debug-report.txt
-- Merging decision tree log ---
manifest
ADDED from src/main/AndroidManifest.xml:2:1-47:12
INJECTED from src/main/AndroidManifest.xml:2:1-47:12
INJECTED from src/main/AndroidManifest.xml:2:1-47:12
INJECTED from src/main/AndroidManifest.xml:2:1-47:12
INJECTED from src/main/AndroidManifest.xml:2:1-47:12
INJECTED from src/main/AndroidManifest.xml:2:1-47:12
INJECTED from src/main/AndroidManifest.xml:2:1-47:12
	package
		ADDED from src/main/AndroidManifest.xml:3:5-35
		INJECTED from src/main/AndroidManifest.xml
		INJECTED from src/main/AndroidManifest.xml
	android:versionName
		ADDED from src/main/AndroidManifest.xml:5:5-30
		INJECTED from src/main/AndroidManifest.xml
		INJECTED from src/main/AndroidManifest.xml
	xmlns:android
		ADDED from src/main/AndroidManifest.xml:2:11-69
	android:versionCode
		ADDED from src/main/AndroidManifest.xml:4:5-28
		INJECTED from src/main/AndroidManifest.xml
		INJECTED from src/main/AndroidManifest.xml
uses-sdk
ADDED from src/main/AndroidManifest.xml:7:5-9:41
INJECTED from src/main/AndroidManifest.xml:7:5-9:41
INJECTED from src/main/AndroidManifest.xml:7:5-9:41
INJECTED from src/main/AndroidManifest.xml:7:5-9:41
INJECTED from src/main/AndroidManifest.xml:7:5-9:41
	android:targetSdkVersion
		ADDED from src/main/AndroidManifest.xml:9:9-38
		INJECTED from src/main/AndroidManifest.xml
		INJECTED from src/main/AndroidManifest.xml
	android:minSdkVersion
		ADDED from src/main/AndroidManifest.xml:8:9-34
		INJECTED from src/main/AndroidManifest.xml
		INJECTED from src/main/AndroidManifest.xml
application
ADDED from src/main/AndroidManifest.xml:11:5-45:19
	android:label
		ADDED from src/main/AndroidManifest.xml:14:9-41
	android:icon
		ADDED from src/main/AndroidManifest.xml:13:9-45
	android:allowBackup
		ADDED from src/main/AndroidManifest.xml:12:9-35
	android:theme
		ADDED from src/main/AndroidManifest.xml:15:9-40
activity#com.example.testdata.MainActivity
ADDED from src/main/AndroidManifest.xml:16:9-24:20
	android:label
		ADDED from src/main/AndroidManifest.xml:18:13-45
	android:name
		ADDED from src/main/AndroidManifest.xml:17:13-61
intent-filter#android.intent.action.MAIN+android.intent.category.LAUNCHER
ADDED from src/main/AndroidManifest.xml:19:13-23:29
action#android.intent.action.MAIN
ADDED from src/main/AndroidManifest.xml:20:17-69
	android:name
		ADDED from src/main/AndroidManifest.xml:20:25-66
category#android.intent.category.LAUNCHER
ADDED from src/main/AndroidManifest.xml:22:17-77
	android:name
		ADDED from src/main/AndroidManifest.xml:22:27-74
activity#com.example.testdata.EditActivity
ADDED from src/main/AndroidManifest.xml:25:9-26:53
	android:name
		ADDED from src/main/AndroidManifest.xml:26:13-41
activity#com.example.testdata.ScanActivity
ADDED from src/main/AndroidManifest.xml:27:9-28:53
	android:name
		ADDED from src/main/AndroidManifest.xml:28:13-41
activity#com.example.testdata.SearchActivity
ADDED from src/main/AndroidManifest.xml:29:9-30:55
	android:name
		ADDED from src/main/AndroidManifest.xml:30:13-43
activity#com.example.testdata.InsertpeopleActivity
ADDED from src/main/AndroidManifest.xml:31:9-32:61
	android:name
		ADDED from src/main/AndroidManifest.xml:32:13-49
activity#com.example.testdata.Updatepeople
ADDED from src/main/AndroidManifest.xml:33:9-34:53
	android:name
		ADDED from src/main/AndroidManifest.xml:34:13-41
activity#com.example.testdata.deletepeople
ADDED from src/main/AndroidManifest.xml:35:9-36:53
	android:name
		ADDED from src/main/AndroidManifest.xml:36:13-41
activity#com.example.testdata.InsertgoodsActivity
ADDED from src/main/AndroidManifest.xml:37:9-38:60
	android:name
		ADDED from src/main/AndroidManifest.xml:38:13-48
activity#com.example.testdata.Updategoods
ADDED from src/main/AndroidManifest.xml:39:10-40:52
	android:name
		ADDED from src/main/AndroidManifest.xml:40:13-40
activity#com.example.testdata.deletegoods
ADDED from src/main/AndroidManifest.xml:41:10-42:52
	android:name
		ADDED from src/main/AndroidManifest.xml:42:13-40
activity#com.example.testdata.CreateActivity
ADDED from src/main/AndroidManifest.xml:43:11-44:55
	android:name
		ADDED from src/main/AndroidManifest.xml:44:13-43